2022-09-02T11:49:49.584Z - error: [main] Error looking for toast activator CLSID in shortcut /home/upsurge11/AppData/Roaming/Microsoft/Windows/Start Menu/Programs/GitHub, Inc/GitHub Desktop.lnk
TypeError: i.shell.readShortcutLink is not a function
    at Q (/home/upsurge11/webpack:/[name]/app/src/lib/find-toast-activator-clsid.ts:38:29)
    at /home/upsurge11/webpack:/[name]/app/src/lib/find-toast-activator-clsid.ts:26:33
    at /home/upsurge11/webpack:/[name]/app/src/main-process/notifications.ts:23:32
    at /home/upsurge11/webpack:/[name]/app/src/main-process/main.ts:719:55
    at Object.<anonymous> (/home/upsurge11/webpack:/[name]/app/src/main-process/main.ts:719:55)
    at Module._compile (node:internal/modules/cjs/loader:1116:14)
    at Object.Module._extensions..js (node:internal/modules/cjs/loader:1169:10)
    at Module.load (node:internal/modules/cjs/loader:988:32)
    at Module._load (node:internal/modules/cjs/loader:829:12)
    at Function.c._load (node:electron/js2c/asar_bundle:5:13331)
2022-09-02T11:49:49.594Z - error: [main] Error looking for toast activator CLSID in shortcut /home/upsurge11/Desktop/GitHub Desktop.lnk
TypeError: i.shell.readShortcutLink is not a function
    at Q (/home/upsurge11/webpack:/[name]/app/src/lib/find-toast-activator-clsid.ts:38:29)
    at /home/upsurge11/webpack:/[name]/app/src/lib/find-toast-activator-clsid.ts:26:33
    at /home/upsurge11/webpack:/[name]/app/src/main-process/notifications.ts:23:32
    at /home/upsurge11/webpack:/[name]/app/src/main-process/main.ts:719:55
    at Object.<anonymous> (/home/upsurge11/webpack:/[name]/app/src/main-process/main.ts:719:55)
    at Module._compile (node:internal/modules/cjs/loader:1116:14)
    at Object.Module._extensions..js (node:internal/modules/cjs/loader:1169:10)
    at Module.load (node:internal/modules/cjs/loader:988:32)
    at Module._load (node:internal/modules/cjs/loader:829:12)
    at Function.c._load (node:electron/js2c/asar_bundle:5:13331)
2022-09-02T11:49:49.594Z - error: [main] Toast activator CLSID not found in any of the shortucts. Falling back to known CLSIDs.
2022-09-02T11:49:49.594Z - info: [main] Using toast activator CLSID {27D44D0C-A542-5B90-BCDB-AC3126048BA2}
2022-09-02T11:49:49.949Z - info: [ui] [AppStore] loading 0 repositories from store
2022-09-02T11:49:50.021Z - info: [ui] [Welcome] no sign in step found. ignoring...
2022-09-02T11:49:50.046Z - info: [ui] [Welcome] no sign in step found. ignoring...
2022-09-02T11:49:50.054Z - info: [ui] [Welcome] no sign in step found. ignoring...
2022-09-02T11:49:50.062Z - info: [ui] launching: 3.0.5-linux1 (Linux 5.19.6-arch1-1)
2022-09-02T11:49:50.063Z - info: [ui] execPath: '/opt/github-desktop/github-desktop'
2022-09-02T11:49:50.107Z - info: [ui] [Welcome] no sign in step found. ignoring...
2022-09-02T11:49:50.945Z - info: [ui] Opt in reported.
2022-09-02T11:49:52.691Z - info: [ui] [Welcome] advancing to step: SignInToDotComWithBrowser
2022-09-02T11:49:52.693Z - info: [ui] [SignInStore] initializing OAuth flow
2022-09-02T11:49:52.700Z - info: [main] opening in browser: https://github.com/login/oauth/authorize?client_id=3a723b10ac5575cc5bb9&scope=repo%20user%20workflow&state=817d5d3c-98e0-4e0c-8f35-9311349477a6
2022-09-02T11:49:52.701Z - info: [ui] [Welcome] current sign in state not found. ignoring...
2022-09-02T11:49:53.550Z - info: [ui] [Welcome] kind Authentication is the same as Authentication. ignoring...
2022-09-02T11:49:53.557Z - info: [ui] [Welcome] kind Authentication is the same as Authentication. ignoring...
2022-09-02T11:50:01.391Z - info: [ui] [Welcome] kind Authentication is the same as Authentication. ignoring...
2022-09-02T11:50:01.474Z - info: [ui] [Welcome] kind Authentication is the same as Authentication. ignoring...
2022-09-02T11:50:03.643Z - info: [main] Received possible protocol arguments: 4
2022-09-02T11:50:03.644Z - info: [main] Processing protocol url
2022-09-02T11:50:03.644Z - info: [ui] [Dispatcher] requesting authenticated user
2022-09-02T11:50:03.658Z - info: [ui] [Welcome] kind Authentication is the same as Authentication. ignoring...
2022-09-02T11:50:05.065Z - info: [ui] [SignInStore] account resolved
2022-09-02T11:50:05.066Z - info: [ui] [AppStore] adding account Upsurge-11 (Arghyadeep Mukherjee) to store
2022-09-02T11:50:05.074Z - info: [ui] [Welcome] advancing to step: ConfigureGit
2022-09-02T11:50:05.112Z - info: [ui] [Welcome] no sign in step found. ignoring...
2022-09-02T11:50:05.756Z - info: [ui] [Welcome] no sign in step found. ignoring...
2022-09-02T11:50:05.764Z - info: [ui] Subscribed 'Upsurge-11' to Alive channel
2022-09-02T11:50:05.807Z - info: [ui] [Welcome] no sign in step found. ignoring...
2022-09-02T11:52:06.748Z - error: [main] Error looking for toast activator CLSID in shortcut /home/upsurge11/AppData/Roaming/Microsoft/Windows/Start Menu/Programs/GitHub, Inc/GitHub Desktop.lnk
TypeError: i.shell.readShortcutLink is not a function
    at Q (/home/upsurge11/webpack:/[name]/app/src/lib/find-toast-activator-clsid.ts:38:29)
    at /home/upsurge11/webpack:/[name]/app/src/lib/find-toast-activator-clsid.ts:26:33
    at /home/upsurge11/webpack:/[name]/app/src/main-process/notifications.ts:23:32
    at /home/upsurge11/webpack:/[name]/app/src/main-process/main.ts:719:55
    at Object.<anonymous> (/home/upsurge11/webpack:/[name]/app/src/main-process/main.ts:719:55)
    at Module._compile (node:internal/modules/cjs/loader:1116:14)
    at Object.Module._extensions..js (node:internal/modules/cjs/loader:1169:10)
    at Module.load (node:internal/modules/cjs/loader:988:32)
    at Module._load (node:internal/modules/cjs/loader:829:12)
    at Function.c._load (node:electron/js2c/asar_bundle:5:13331)
2022-09-02T11:52:06.762Z - error: [main] Error looking for toast activator CLSID in shortcut /home/upsurge11/Desktop/GitHub Desktop.lnk
TypeError: i.shell.readShortcutLink is not a function
    at Q (/home/upsurge11/webpack:/[name]/app/src/lib/find-toast-activator-clsid.ts:38:29)
    at /home/upsurge11/webpack:/[name]/app/src/lib/find-toast-activator-clsid.ts:26:33
    at /home/upsurge11/webpack:/[name]/app/src/main-process/notifications.ts:23:32
    at /home/upsurge11/webpack:/[name]/app/src/main-process/main.ts:719:55
    at Object.<anonymous> (/home/upsurge11/webpack:/[name]/app/src/main-process/main.ts:719:55)
    at Module._compile (node:internal/modules/cjs/loader:1116:14)
    at Object.Module._extensions..js (node:internal/modules/cjs/loader:1169:10)
    at Module.load (node:internal/modules/cjs/loader:988:32)
    at Module._load (node:internal/modules/cjs/loader:829:12)
    at Function.c._load (node:electron/js2c/asar_bundle:5:13331)
2022-09-02T11:52:06.762Z - error: [main] Toast activator CLSID not found in any of the shortucts. Falling back to known CLSIDs.
2022-09-02T11:52:06.762Z - info: [main] Using toast activator CLSID {27D44D0C-A542-5B90-BCDB-AC3126048BA2}
2022-09-02T11:52:07.068Z - info: [ui] [AppStore] loading 0 repositories from store
2022-09-02T11:52:07.069Z - info: [ui] [AppStore] found account: Upsurge-11 (Arghyadeep Mukherjee)
2022-09-02T11:52:07.199Z - info: [ui] launching: 3.0.5-linux1 (Linux 5.19.6-arch1-1)
2022-09-02T11:52:07.199Z - info: [ui] execPath: '/opt/github-desktop/github-desktop'
2022-09-02T11:52:07.788Z - info: [ui] Subscribed 'Upsurge-11' to Alive channel
2022-09-02T11:52:08.347Z - info: [ui] Stats reported.
