2022-09-05T08:39:41.222Z - error: [main] Error looking for toast activator CLSID in shortcut /home/upsurge11/AppData/Roaming/Microsoft/Windows/Start Menu/Programs/GitHub, Inc/GitHub Desktop.lnk
TypeError: i.shell.readShortcutLink is not a function
    at Q (/home/upsurge11/webpack:/[name]/app/src/lib/find-toast-activator-clsid.ts:38:29)
    at /home/upsurge11/webpack:/[name]/app/src/lib/find-toast-activator-clsid.ts:26:33
    at /home/upsurge11/webpack:/[name]/app/src/main-process/notifications.ts:23:32
    at /home/upsurge11/webpack:/[name]/app/src/main-process/main.ts:719:55
    at Object.<anonymous> (/home/upsurge11/webpack:/[name]/app/src/main-process/main.ts:719:55)
    at Module._compile (node:internal/modules/cjs/loader:1116:14)
    at Object.Module._extensions..js (node:internal/modules/cjs/loader:1169:10)
    at Module.load (node:internal/modules/cjs/loader:988:32)
    at Module._load (node:internal/modules/cjs/loader:829:12)
    at Function.c._load (node:electron/js2c/asar_bundle:5:13331)
2022-09-05T08:39:41.238Z - error: [main] Error looking for toast activator CLSID in shortcut /home/upsurge11/Desktop/GitHub Desktop.lnk
TypeError: i.shell.readShortcutLink is not a function
    at Q (/home/upsurge11/webpack:/[name]/app/src/lib/find-toast-activator-clsid.ts:38:29)
    at /home/upsurge11/webpack:/[name]/app/src/lib/find-toast-activator-clsid.ts:26:33
    at /home/upsurge11/webpack:/[name]/app/src/main-process/notifications.ts:23:32
    at /home/upsurge11/webpack:/[name]/app/src/main-process/main.ts:719:55
    at Object.<anonymous> (/home/upsurge11/webpack:/[name]/app/src/main-process/main.ts:719:55)
    at Module._compile (node:internal/modules/cjs/loader:1116:14)
    at Object.Module._extensions..js (node:internal/modules/cjs/loader:1169:10)
    at Module.load (node:internal/modules/cjs/loader:988:32)
    at Module._load (node:internal/modules/cjs/loader:829:12)
    at Function.c._load (node:electron/js2c/asar_bundle:5:13331)
2022-09-05T08:39:41.238Z - error: [main] Toast activator CLSID not found in any of the shortucts. Falling back to known CLSIDs.
2022-09-05T08:39:41.238Z - info: [main] Using toast activator CLSID {27D44D0C-A542-5B90-BCDB-AC3126048BA2}
2022-09-05T08:39:41.956Z - info: [ui] [AppStore] loading 0 repositories from store
2022-09-05T08:39:41.957Z - info: [ui] [AppStore] found account: Upsurge-11 (Arghyadeep Mukherjee)
2022-09-05T08:39:42.133Z - info: [ui] launching: 3.0.5-linux1 (Linux 5.19.6-arch1-1)
2022-09-05T08:39:42.134Z - info: [ui] execPath: '/opt/github-desktop/github-desktop'
2022-09-05T08:39:42.728Z - info: [ui] Subscribed 'Upsurge-11' to Alive channel
2022-09-05T08:39:43.141Z - info: [ui] Stats reported.
